0 info it worked if it ends with ok
1 verbose cli [ '/usr/local/bin/node',
1 verbose cli   '/usr/local/bin/npm',
1 verbose cli   'start',
1 verbose cli   '--no-cache' ]
2 info using npm@6.4.1
3 info using node@v11.0.0
4 verbose stack Error: ENOENT: no such file or directory, open '/home/coffee/Documentos/Projetos/React/tinder/package.json'
5 verbose cwd /home/coffee/Documentos/Projetos/React/tinder
6 verbose Linux 4.15.0-43-generic
7 verbose argv "/usr/local/bin/node" "/usr/local/bin/npm" "start" "--no-cache"
8 verbose node v11.0.0
9 verbose npm  v6.4.1
10 error path /home/coffee/Documentos/Projetos/React/tinder/package.json
11 error code ENOENT
12 error errno -2
13 error syscall open
14 error enoent ENOENT: no such file or directory, open '/home/coffee/Documentos/Projetos/React/tinder/package.json'
15 error enoent This is related to npm not being able to find a file.
16 verbose exit [ -2, true ]
