0 info it worked if it ends with ok
1 verbose cli [ '/usr/local/bin/node',
1 verbose cli   '/usr/local/bin/npm',
1 verbose cli   'start',
1 verbose cli   '--no-cache' ]
2 info using npm@6.4.1
3 info using node@v11.0.0
4 verbose run-script [ 'prestart', 'start', 'poststart' ]
5 info lifecycle web@0.1.0~prestart: web@0.1.0
6 info lifecycle web@0.1.0~start: web@0.1.0
7 verbose lifecycle web@0.1.0~start: unsafe-perm in lifecycle true
8 verbose lifecycle web@0.1.0~start: PATH: /usr/local/lib/node_modules/npm/node_modules/npm-lifecycle/node-gyp-bin:/home/coffee/Documentos/Projetos/React/tinder/web/node_modules/.bin:/home/coffee/bin:/home/coffee/.local/bin:/home/coffee/bin:/home/coffee/.local/bin:/usr/local/sbin:/usr/local/bin:/usr/sbin:/usr/bin:/sbin:/bin:/usr/games:/usr/local/games:/snap/bin:/home/coffee/.fzf/bin
9 verbose lifecycle web@0.1.0~start: CWD: /home/coffee/Documentos/Projetos/React/tinder/web
10 silly lifecycle web@0.1.0~start: Args: [ '-c', 'react-scripts start' ]
11 silly lifecycle web@0.1.0~start: Returned: code: 1  signal: null
12 info lifecycle web@0.1.0~start: Failed to exec start script
13 verbose stack Error: web@0.1.0 start: `react-scripts start`
13 verbose stack Exit status 1
13 verbose stack     at EventEmitter.<anonymous> (/usr/local/lib/node_modules/npm/node_modules/npm-lifecycle/index.js:301:16)
13 verbose stack     at EventEmitter.emit (events.js:182:13)
13 verbose stack     at ChildProcess.<anonymous> (/usr/local/lib/node_modules/npm/node_modules/npm-lifecycle/lib/spawn.js:55:14)
13 verbose stack     at ChildProcess.emit (events.js:182:13)
13 verbose stack     at maybeClose (internal/child_process.js:962:16)
13 verbose stack     at Process.ChildProcess._handle.onexit (internal/child_process.js:251:5)
14 verbose pkgid web@0.1.0
15 verbose cwd /home/coffee/Documentos/Projetos/React/tinder/web
16 verbose Linux 4.15.0-43-generic
17 verbose argv "/usr/local/bin/node" "/usr/local/bin/npm" "start" "--no-cache"
18 verbose node v11.0.0
19 verbose npm  v6.4.1
20 error code ELIFECYCLE
21 error errno 1
22 error web@0.1.0 start: `react-scripts start`
22 error Exit status 1
23 error Failed at the web@0.1.0 start script.
23 error This is probably not a problem with npm. There is likely additional logging output above.
24 verbose exit [ 1, true ]
